<?xml version="1.0" encoding="UTF-8"?>
<!-- Generated by org.testng.reporters.JUnitXMLReporter -->
<testsuite ignored="0" hostname="DESKTOP-1FBR669" failures="0" tests="4" name="Test" time="0.102" errors="0" timestamp="2022-12-01T11:01:24 IST">
  <testcase classname="scripts.Test4" name="tc4" time="0.016"/>
  <testcase classname="scripts.Test3" name="tc3" time="0.002"/>
  <testcase classname="scripts.Test2" name="tc2" time="0.005"/>
  <testcase classname="scripts.Test1" name="tc1" time="0.004"/>
</testsuite> <!-- Test -->
