<?xml version="1.0" encoding="UTF-8"?>
<testng-results ignored="0" total="4" passed="4" failed="0" skipped="0">
  <reporter-output>
    <line>
      <![CDATA[Hello python]]>
    </line>
    <line>
      <![CDATA[Hello pythonselenium]]>
    </line>
    <line>
      <![CDATA[Hello selenium]]>
    </line>
    <line>
      <![CDATA[Hello java]]>
    </line>
  </reporter-output>
  <suite started-at="2022-12-01T11:01:24 IST" name="Suite" finished-at="2022-12-01T11:01:24 IST" duration-ms="102">
    <groups>
    </groups>
    <test started-at="2022-12-01T11:01:24 IST" name="Test" finished-at="2022-12-01T11:01:24 IST" duration-ms="102">
      <class name="scripts.Test1">
        <test-method signature="tc1()[pri:0, instance:scripts.Test1@778d1062]" started-at="2022-12-01T11:01:24 IST" name="tc1" finished-at="2022-12-01T11:01:24 IST" duration-ms="4" status="PASS">
          <reporter-output>
            <line>
              <![CDATA[Hello java]]>
            </line>
          </reporter-output>
        </test-method> <!-- tc1 -->
      </class> <!-- scripts.Test1 -->
      <class name="scripts.Test3">
        <test-method signature="tc3()[pri:0, instance:scripts.Test3@1e802ef9]" started-at="2022-12-01T11:01:24 IST" name="tc3" finished-at="2022-12-01T11:01:24 IST" duration-ms="2" status="PASS">
          <reporter-output>
            <line>
              <![CDATA[Hello pythonselenium]]>
            </line>
          </reporter-output>
        </test-method> <!-- tc3 -->
      </class> <!-- scripts.Test3 -->
      <class name="scripts.Test2">
        <test-method signature="tc2()[pri:0, instance:scripts.Test2@2b6faea6]" started-at="2022-12-01T11:01:24 IST" name="tc2" finished-at="2022-12-01T11:01:24 IST" duration-ms="5" status="PASS">
          <reporter-output>
            <line>
              <![CDATA[Hello selenium]]>
            </line>
          </reporter-output>
        </test-method> <!-- tc2 -->
      </class> <!-- scripts.Test2 -->
      <class name="scripts.Test4">
        <test-method signature="tc4()[pri:0, instance:scripts.Test4@7ee955a8]" started-at="2022-12-01T11:01:24 IST" name="tc4" finished-at="2022-12-01T11:01:24 IST" duration-ms="16" status="PASS">
          <reporter-output>
            <line>
              <![CDATA[Hello python]]>
            </line>
          </reporter-output>
        </test-method> <!-- tc4 -->
      </class> <!-- scripts.Test4 -->
    </test> <!-- Test -->
  </suite> <!-- Suite -->
</testng-results>
